
[2026-03-25T19:51:43.464Z] GET /users/me?t=1774468303171
Headers: {"host":"localhost:3000","connection":"keep-alive","sec-ch-ua-platform":"\"Linux\"","user-agent":"Mozilla/5.0 (X11; Linux x86_64) AppleWebKit/537.36 (KHTML, like Gecko) Chrome/145.0.0.0 Safari/537.36","sec-ch-ua":"\"Not:A-Brand\";v=\"99\", \"Google Chrome\";v=\"145\", \"Chromium\";v=\"145\"","sec-ch-ua-mobile":"?0","accept":"*/*","origin":"http://localhost:5173","sec-fetch-site":"same-site","sec-fetch-mode":"cors","sec-fetch-dest":"empty","referer":"http://localhost:5173/","accept-encoding":"gzip, deflate, br, zstd","accept-language":"en-US,en;q=0.9"}
Cookies: {}
------------------------------------------------
[2026-03-25T19:51:43.484Z] [JWT Extractor] Token found: false
[2026-03-25T19:51:43.554Z] GET /users/me?t=1774468303198
Headers: {"host":"localhost:3000","connection":"keep-alive","sec-ch-ua-platform":"\"Linux\"","user-agent":"Mozilla/5.0 (X11; Linux x86_64) AppleWebKit/537.36 (KHTML, like Gecko) Chrome/145.0.0.0 Safari/537.36","sec-ch-ua":"\"Not:A-Brand\";v=\"99\", \"Google Chrome\";v=\"145\", \"Chromium\";v=\"145\"","sec-ch-ua-mobile":"?0","accept":"*/*","origin":"http://localhost:5173","sec-fetch-site":"same-site","sec-fetch-mode":"cors","sec-fetch-dest":"empty","referer":"http://localhost:5173/","accept-encoding":"gzip, deflate, br, zstd","accept-language":"en-US,en;q=0.9"}
Cookies: {}
------------------------------------------------
[2026-03-25T19:51:43.557Z] [JWT Extractor] Token found: false
[2026-03-25T19:51:44.397Z] POST /auth/refresh
Headers: {"host":"localhost:3000","connection":"keep-alive","content-length":"0","sec-ch-ua-platform":"\"Linux\"","user-agent":"Mozilla/5.0 (X11; Linux x86_64) AppleWebKit/537.36 (KHTML, like Gecko) Chrome/145.0.0.0 Safari/537.36","sec-ch-ua":"\"Not:A-Brand\";v=\"99\", \"Google Chrome\";v=\"145\", \"Chromium\";v=\"145\"","sec-ch-ua-mobile":"?0","accept":"*/*","origin":"http://localhost:5173","sec-fetch-site":"same-site","sec-fetch-mode":"cors","sec-fetch-dest":"empty","referer":"http://localhost:5173/","accept-encoding":"gzip, deflate, br, zstd","accept-language":"en-US,en;q=0.9"}
Cookies: {}
------------------------------------------------
[2026-03-25T19:51:44.472Z] POST /auth/refresh
Headers: {"host":"localhost:3000","connection":"keep-alive","content-length":"0","sec-ch-ua-platform":"\"Linux\"","user-agent":"Mozilla/5.0 (X11; Linux x86_64) AppleWebKit/537.36 (KHTML, like Gecko) Chrome/145.0.0.0 Safari/537.36","sec-ch-ua":"\"Not:A-Brand\";v=\"99\", \"Google Chrome\";v=\"145\", \"Chromium\";v=\"145\"","sec-ch-ua-mobile":"?0","accept":"*/*","origin":"http://localhost:5173","sec-fetch-site":"same-site","sec-fetch-mode":"cors","sec-fetch-dest":"empty","referer":"http://localhost:5173/","accept-encoding":"gzip, deflate, br, zstd","accept-language":"en-US,en;q=0.9"}
Cookies: {}
------------------------------------------------
[2026-03-25T19:51:58.517Z] GET /auth/google
Headers: {"host":"localhost:3000","connection":"keep-alive","sec-ch-ua":"\"Not:A-Brand\";v=\"99\", \"Google Chrome\";v=\"145\", \"Chromium\";v=\"145\"","sec-ch-ua-mobile":"?0","sec-ch-ua-platform":"\"Linux\"","upgrade-insecure-requests":"1","user-agent":"Mozilla/5.0 (X11; Linux x86_64) AppleWebKit/537.36 (KHTML, like Gecko) Chrome/145.0.0.0 Safari/537.36","accept":"text/html,application/xhtml+xml,application/xml;q=0.9,image/avif,image/webp,image/apng,*/*;q=0.8,application/signed-exchange;v=b3;q=0.7","sec-fetch-site":"same-site","sec-fetch-mode":"navigate","sec-fetch-user":"?1","sec-fetch-dest":"document","referer":"http://localhost:5173/","accept-encoding":"gzip, deflate, br, zstd","accept-language":"en-US,en;q=0.9"}
Cookies: {}
------------------------------------------------
[2026-03-25T19:57:40.137Z] GET /auth/google/callback?iss=https%3A%2F%2Faccounts.google.com&code=4%2F0Aci98E82HPuqHvIOp6acdIe4yox_kmQgFXd_hMxzhTqU2imsRs9nXCFeIKntp6S6k2B2Cw&scope=email+profile+https%3A%2F%2Fwww.googleapis.com%2Fauth%2Fuserinfo.profile+openid+https%3A%2F%2Fwww.googleapis.com%2Fauth%2Fuserinfo.email&authuser=0&prompt=none
Headers: {"host":"localhost:3000","connection":"keep-alive","upgrade-insecure-requests":"1","user-agent":"Mozilla/5.0 (X11; Linux x86_64) AppleWebKit/537.36 (KHTML, like Gecko) Chrome/145.0.0.0 Safari/537.36","accept":"text/html,application/xhtml+xml,application/xml;q=0.9,image/avif,image/webp,image/apng,*/*;q=0.8,application/signed-exchange;v=b3;q=0.7","sec-fetch-site":"cross-site","sec-fetch-mode":"navigate","sec-fetch-user":"?1","sec-fetch-dest":"document","sec-ch-ua":"\"Not:A-Brand\";v=\"99\", \"Google Chrome\";v=\"145\", \"Chromium\";v=\"145\"","sec-ch-ua-mobile":"?0","sec-ch-ua-platform":"\"Linux\"","referer":"https://accounts.google.com/","accept-encoding":"gzip, deflate, br, zstd","accept-language":"en-US,en;q=0.9"}
Cookies: {}
------------------------------------------------
[2026-03-25T19:57:49.890Z] GET /users/me?t=1774468669792
Headers: {"host":"localhost:3000","connection":"keep-alive","sec-ch-ua-platform":"\"Linux\"","user-agent":"Mozilla/5.0 (X11; Linux x86_64) AppleWebKit/537.36 (KHTML, like Gecko) Chrome/145.0.0.0 Safari/537.36","sec-ch-ua":"\"Not:A-Brand\";v=\"99\", \"Google Chrome\";v=\"145\", \"Chromium\";v=\"145\"","sec-ch-ua-mobile":"?0","accept":"*/*","origin":"http://localhost:5173","sec-fetch-site":"same-site","sec-fetch-mode":"cors","sec-fetch-dest":"empty","referer":"http://localhost:5173/","accept-encoding":"gzip, deflate, br, zstd","accept-language":"en-US,en;q=0.9","cookie":"access_token=eyJhbGciOiJIUzI1NiIsInR5cCI6IkpXVCJ9.eyJlbWFpbCI6ImFidWJha2FyLm5hYmlsLjIxMEBnbWFpbC5jb20iLCJzdWIiOiIxMTM4MzE0ODI2MzIwMjIzMjk2ODgiLCJpYXQiOjE3NzQ0Njg2NjIsImV4cCI6MTc3NDU1NTA2Mn0.gIeIjkCsNsHBr8oqI-G3FtMFJIaC0SdkVxPmPfFZtCI; refresh_token=eyJhbGciOiJIUzI1NiIsInR5cCI6IkpXVCJ9.eyJlbWFpbCI6ImFidWJha2FyLm5hYmlsLjIxMEBnbWFpbC5jb20iLCJzdWIiOiIxMTM4MzE0ODI2MzIwMjIzMjk2ODgiLCJpYXQiOjE3NzQ0Njg2NjIsImV4cCI6MTc3NzA2MDY2Mn0.BtzfGDjcJngZOK7_m2E92psKgWuKJ6MnZdiMDAxHqpg"}
Cookies: {"access_token":"eyJhbGciOiJIUzI1NiIsInR5cCI6IkpXVCJ9.eyJlbWFpbCI6ImFidWJha2FyLm5hYmlsLjIxMEBnbWFpbC5jb20iLCJzdWIiOiIxMTM4MzE0ODI2MzIwMjIzMjk2ODgiLCJpYXQiOjE3NzQ0Njg2NjIsImV4cCI6MTc3NDU1NTA2Mn0.gIeIjkCsNsHBr8oqI-G3FtMFJIaC0SdkVxPmPfFZtCI","refresh_token":"eyJhbGciOiJIUzI1NiIsInR5cCI6IkpXVCJ9.eyJlbWFpbCI6ImFidWJha2FyLm5hYmlsLjIxMEBnbWFpbC5jb20iLCJzdWIiOiIxMTM4MzE0ODI2MzIwMjIzMjk2ODgiLCJpYXQiOjE3NzQ0Njg2NjIsImV4cCI6MTc3NzA2MDY2Mn0.BtzfGDjcJngZOK7_m2E92psKgWuKJ6MnZdiMDAxHqpg"}
------------------------------------------------
[2026-03-25T19:57:49.900Z] [JWT Extractor] Token found: true
[2026-03-25T19:57:49.983Z] [JWT Validate] Payload: {"email":"abubakar.nabil.210@gmail.com","sub":"113831482632022329688","iat":1774468662,"exp":1774555062}
[2026-03-25T19:57:50.002Z] GET /users/me?t=1774468669810
Headers: {"host":"localhost:3000","connection":"keep-alive","sec-ch-ua-platform":"\"Linux\"","user-agent":"Mozilla/5.0 (X11; Linux x86_64) AppleWebKit/537.36 (KHTML, like Gecko) Chrome/145.0.0.0 Safari/537.36","sec-ch-ua":"\"Not:A-Brand\";v=\"99\", \"Google Chrome\";v=\"145\", \"Chromium\";v=\"145\"","sec-ch-ua-mobile":"?0","accept":"*/*","origin":"http://localhost:5173","sec-fetch-site":"same-site","sec-fetch-mode":"cors","sec-fetch-dest":"empty","referer":"http://localhost:5173/","accept-encoding":"gzip, deflate, br, zstd","accept-language":"en-US,en;q=0.9","cookie":"access_token=eyJhbGciOiJIUzI1NiIsInR5cCI6IkpXVCJ9.eyJlbWFpbCI6ImFidWJha2FyLm5hYmlsLjIxMEBnbWFpbC5jb20iLCJzdWIiOiIxMTM4MzE0ODI2MzIwMjIzMjk2ODgiLCJpYXQiOjE3NzQ0Njg2NjIsImV4cCI6MTc3NDU1NTA2Mn0.gIeIjkCsNsHBr8oqI-G3FtMFJIaC0SdkVxPmPfFZtCI; refresh_token=eyJhbGciOiJIUzI1NiIsInR5cCI6IkpXVCJ9.eyJlbWFpbCI6ImFidWJha2FyLm5hYmlsLjIxMEBnbWFpbC5jb20iLCJzdWIiOiIxMTM4MzE0ODI2MzIwMjIzMjk2ODgiLCJpYXQiOjE3NzQ0Njg2NjIsImV4cCI6MTc3NzA2MDY2Mn0.BtzfGDjcJngZOK7_m2E92psKgWuKJ6MnZdiMDAxHqpg"}
Cookies: {"access_token":"eyJhbGciOiJIUzI1NiIsInR5cCI6IkpXVCJ9.eyJlbWFpbCI6ImFidWJha2FyLm5hYmlsLjIxMEBnbWFpbC5jb20iLCJzdWIiOiIxMTM4MzE0ODI2MzIwMjIzMjk2ODgiLCJpYXQiOjE3NzQ0Njg2NjIsImV4cCI6MTc3NDU1NTA2Mn0.gIeIjkCsNsHBr8oqI-G3FtMFJIaC0SdkVxPmPfFZtCI","refresh_token":"eyJhbGciOiJIUzI1NiIsInR5cCI6IkpXVCJ9.eyJlbWFpbCI6ImFidWJha2FyLm5hYmlsLjIxMEBnbWFpbC5jb20iLCJzdWIiOiIxMTM4MzE0ODI2MzIwMjIzMjk2ODgiLCJpYXQiOjE3NzQ0Njg2NjIsImV4cCI6MTc3NzA2MDY2Mn0.BtzfGDjcJngZOK7_m2E92psKgWuKJ6MnZdiMDAxHqpg"}
------------------------------------------------
[2026-03-25T19:57:50.005Z] [JWT Extractor] Token found: true
[2026-03-25T19:57:50.009Z] [JWT Validate] Payload: {"email":"abubakar.nabil.210@gmail.com","sub":"113831482632022329688","iat":1774468662,"exp":1774555062}
[2026-03-25T19:57:52.059Z] GET /notifications
Headers: {"host":"localhost:3000","connection":"keep-alive","sec-ch-ua-platform":"\"Linux\"","user-agent":"Mozilla/5.0 (X11; Linux x86_64) AppleWebKit/537.36 (KHTML, like Gecko) Chrome/145.0.0.0 Safari/537.36","sec-ch-ua":"\"Not:A-Brand\";v=\"99\", \"Google Chrome\";v=\"145\", \"Chromium\";v=\"145\"","sec-ch-ua-mobile":"?0","accept":"*/*","origin":"http://localhost:5173","sec-fetch-site":"same-site","sec-fetch-mode":"cors","sec-fetch-dest":"empty","referer":"http://localhost:5173/","accept-encoding":"gzip, deflate, br, zstd","accept-language":"en-US,en;q=0.9","cookie":"access_token=eyJhbGciOiJIUzI1NiIsInR5cCI6IkpXVCJ9.eyJlbWFpbCI6ImFidWJha2FyLm5hYmlsLjIxMEBnbWFpbC5jb20iLCJzdWIiOiIxMTM4MzE0ODI2MzIwMjIzMjk2ODgiLCJpYXQiOjE3NzQ0Njg2NjIsImV4cCI6MTc3NDU1NTA2Mn0.gIeIjkCsNsHBr8oqI-G3FtMFJIaC0SdkVxPmPfFZtCI; refresh_token=eyJhbGciOiJIUzI1NiIsInR5cCI6IkpXVCJ9.eyJlbWFpbCI6ImFidWJha2FyLm5hYmlsLjIxMEBnbWFpbC5jb20iLCJzdWIiOiIxMTM4MzE0ODI2MzIwMjIzMjk2ODgiLCJpYXQiOjE3NzQ0Njg2NjIsImV4cCI6MTc3NzA2MDY2Mn0.BtzfGDjcJngZOK7_m2E92psKgWuKJ6MnZdiMDAxHqpg","if-none-match":"W/\"499-ore+w19Qq3E1mE+FJlM0q5NVHnQ\""}
Cookies: {"access_token":"eyJhbGciOiJIUzI1NiIsInR5cCI6IkpXVCJ9.eyJlbWFpbCI6ImFidWJha2FyLm5hYmlsLjIxMEBnbWFpbC5jb20iLCJzdWIiOiIxMTM4MzE0ODI2MzIwMjIzMjk2ODgiLCJpYXQiOjE3NzQ0Njg2NjIsImV4cCI6MTc3NDU1NTA2Mn0.gIeIjkCsNsHBr8oqI-G3FtMFJIaC0SdkVxPmPfFZtCI","refresh_token":"eyJhbGciOiJIUzI1NiIsInR5cCI6IkpXVCJ9.eyJlbWFpbCI6ImFidWJha2FyLm5hYmlsLjIxMEBnbWFpbC5jb20iLCJzdWIiOiIxMTM4MzE0ODI2MzIwMjIzMjk2ODgiLCJpYXQiOjE3NzQ0Njg2NjIsImV4cCI6MTc3NzA2MDY2Mn0.BtzfGDjcJngZOK7_m2E92psKgWuKJ6MnZdiMDAxHqpg"}
------------------------------------------------
[2026-03-25T19:57:52.071Z] [JWT Extractor] Token found: true
[2026-03-25T19:57:52.081Z] [JWT Validate] Payload: {"email":"abubakar.nabil.210@gmail.com","sub":"113831482632022329688","iat":1774468662,"exp":1774555062}
[2026-03-25T19:57:52.098Z] GET /dashboard/stats
Headers: {"host":"localhost:3000","connection":"keep-alive","sec-ch-ua-platform":"\"Linux\"","user-agent":"Mozilla/5.0 (X11; Linux x86_64) AppleWebKit/537.36 (KHTML, like Gecko) Chrome/145.0.0.0 Safari/537.36","sec-ch-ua":"\"Not:A-Brand\";v=\"99\", \"Google Chrome\";v=\"145\", \"Chromium\";v=\"145\"","sec-ch-ua-mobile":"?0","accept":"*/*","origin":"http://localhost:5173","sec-fetch-site":"same-site","sec-fetch-mode":"cors","sec-fetch-dest":"empty","referer":"http://localhost:5173/","accept-encoding":"gzip, deflate, br, zstd","accept-language":"en-US,en;q=0.9","cookie":"access_token=eyJhbGciOiJIUzI1NiIsInR5cCI6IkpXVCJ9.eyJlbWFpbCI6ImFidWJha2FyLm5hYmlsLjIxMEBnbWFpbC5jb20iLCJzdWIiOiIxMTM4MzE0ODI2MzIwMjIzMjk2ODgiLCJpYXQiOjE3NzQ0Njg2NjIsImV4cCI6MTc3NDU1NTA2Mn0.gIeIjkCsNsHBr8oqI-G3FtMFJIaC0SdkVxPmPfFZtCI; refresh_token=eyJhbGciOiJIUzI1NiIsInR5cCI6IkpXVCJ9.eyJlbWFpbCI6ImFidWJha2FyLm5hYmlsLjIxMEBnbWFpbC5jb20iLCJzdWIiOiIxMTM4MzE0ODI2MzIwMjIzMjk2ODgiLCJpYXQiOjE3NzQ0Njg2NjIsImV4cCI6MTc3NzA2MDY2Mn0.BtzfGDjcJngZOK7_m2E92psKgWuKJ6MnZdiMDAxHqpg","if-none-match":"W/\"1d9-/r3VbyVBgNm1/1/QaskD6mOXw1c\""}
Cookies: {"access_token":"eyJhbGciOiJIUzI1NiIsInR5cCI6IkpXVCJ9.eyJlbWFpbCI6ImFidWJha2FyLm5hYmlsLjIxMEBnbWFpbC5jb20iLCJzdWIiOiIxMTM4MzE0ODI2MzIwMjIzMjk2ODgiLCJpYXQiOjE3NzQ0Njg2NjIsImV4cCI6MTc3NDU1NTA2Mn0.gIeIjkCsNsHBr8oqI-G3FtMFJIaC0SdkVxPmPfFZtCI","refresh_token":"eyJhbGciOiJIUzI1NiIsInR5cCI6IkpXVCJ9.eyJlbWFpbCI6ImFidWJha2FyLm5hYmlsLjIxMEBnbWFpbC5jb20iLCJzdWIiOiIxMTM4MzE0ODI2MzIwMjIzMjk2ODgiLCJpYXQiOjE3NzQ0Njg2NjIsImV4cCI6MTc3NzA2MDY2Mn0.BtzfGDjcJngZOK7_m2E92psKgWuKJ6MnZdiMDAxHqpg"}
------------------------------------------------
[2026-03-25T19:57:52.101Z] [JWT Extractor] Token found: true
[2026-03-25T19:57:52.104Z] [JWT Validate] Payload: {"email":"abubakar.nabil.210@gmail.com","sub":"113831482632022329688","iat":1774468662,"exp":1774555062}
[2026-03-25T19:57:52.149Z] GET /notifications
Headers: {"host":"localhost:3000","connection":"keep-alive","sec-ch-ua-platform":"\"Linux\"","user-agent":"Mozilla/5.0 (X11; Linux x86_64) AppleWebKit/537.36 (KHTML, like Gecko) Chrome/145.0.0.0 Safari/537.36","sec-ch-ua":"\"Not:A-Brand\";v=\"99\", \"Google Chrome\";v=\"145\", \"Chromium\";v=\"145\"","sec-ch-ua-mobile":"?0","accept":"*/*","origin":"http://localhost:5173","sec-fetch-site":"same-site","sec-fetch-mode":"cors","sec-fetch-dest":"empty","referer":"http://localhost:5173/","accept-encoding":"gzip, deflate, br, zstd","accept-language":"en-US,en;q=0.9","cookie":"access_token=eyJhbGciOiJIUzI1NiIsInR5cCI6IkpXVCJ9.eyJlbWFpbCI6ImFidWJha2FyLm5hYmlsLjIxMEBnbWFpbC5jb20iLCJzdWIiOiIxMTM4MzE0ODI2MzIwMjIzMjk2ODgiLCJpYXQiOjE3NzQ0Njg2NjIsImV4cCI6MTc3NDU1NTA2Mn0.gIeIjkCsNsHBr8oqI-G3FtMFJIaC0SdkVxPmPfFZtCI; refresh_token=eyJhbGciOiJIUzI1NiIsInR5cCI6IkpXVCJ9.eyJlbWFpbCI6ImFidWJha2FyLm5hYmlsLjIxMEBnbWFpbC5jb20iLCJzdWIiOiIxMTM4MzE0ODI2MzIwMjIzMjk2ODgiLCJpYXQiOjE3NzQ0Njg2NjIsImV4cCI6MTc3NzA2MDY2Mn0.BtzfGDjcJngZOK7_m2E92psKgWuKJ6MnZdiMDAxHqpg","if-none-match":"W/\"499-ore+w19Qq3E1mE+FJlM0q5NVHnQ\""}
Cookies: {"access_token":"eyJhbGciOiJIUzI1NiIsInR5cCI6IkpXVCJ9.eyJlbWFpbCI6ImFidWJha2FyLm5hYmlsLjIxMEBnbWFpbC5jb20iLCJzdWIiOiIxMTM4MzE0ODI2MzIwMjIzMjk2ODgiLCJpYXQiOjE3NzQ0Njg2NjIsImV4cCI6MTc3NDU1NTA2Mn0.gIeIjkCsNsHBr8oqI-G3FtMFJIaC0SdkVxPmPfFZtCI","refresh_token":"eyJhbGciOiJIUzI1NiIsInR5cCI6IkpXVCJ9.eyJlbWFpbCI6ImFidWJha2FyLm5hYmlsLjIxMEBnbWFpbC5jb20iLCJzdWIiOiIxMTM4MzE0ODI2MzIwMjIzMjk2ODgiLCJpYXQiOjE3NzQ0Njg2NjIsImV4cCI6MTc3NzA2MDY2Mn0.BtzfGDjcJngZOK7_m2E92psKgWuKJ6MnZdiMDAxHqpg"}
------------------------------------------------
[2026-03-25T19:57:52.153Z] [JWT Extractor] Token found: true
[2026-03-25T19:57:52.157Z] [JWT Validate] Payload: {"email":"abubakar.nabil.210@gmail.com","sub":"113831482632022329688","iat":1774468662,"exp":1774555062}
[2026-03-25T19:57:53.741Z] GET /dashboard/stats
Headers: {"host":"localhost:3000","connection":"keep-alive","sec-ch-ua-platform":"\"Linux\"","user-agent":"Mozilla/5.0 (X11; Linux x86_64) AppleWebKit/537.36 (KHTML, like Gecko) Chrome/145.0.0.0 Safari/537.36","sec-ch-ua":"\"Not:A-Brand\";v=\"99\", \"Google Chrome\";v=\"145\", \"Chromium\";v=\"145\"","sec-ch-ua-mobile":"?0","accept":"*/*","origin":"http://localhost:5173","sec-fetch-site":"same-site","sec-fetch-mode":"cors","sec-fetch-dest":"empty","referer":"http://localhost:5173/","accept-encoding":"gzip, deflate, br, zstd","accept-language":"en-US,en;q=0.9","cookie":"access_token=eyJhbGciOiJIUzI1NiIsInR5cCI6IkpXVCJ9.eyJlbWFpbCI6ImFidWJha2FyLm5hYmlsLjIxMEBnbWFpbC5jb20iLCJzdWIiOiIxMTM4MzE0ODI2MzIwMjIzMjk2ODgiLCJpYXQiOjE3NzQ0Njg2NjIsImV4cCI6MTc3NDU1NTA2Mn0.gIeIjkCsNsHBr8oqI-G3FtMFJIaC0SdkVxPmPfFZtCI; refresh_token=eyJhbGciOiJIUzI1NiIsInR5cCI6IkpXVCJ9.eyJlbWFpbCI6ImFidWJha2FyLm5hYmlsLjIxMEBnbWFpbC5jb20iLCJzdWIiOiIxMTM4MzE0ODI2MzIwMjIzMjk2ODgiLCJpYXQiOjE3NzQ0Njg2NjIsImV4cCI6MTc3NzA2MDY2Mn0.BtzfGDjcJngZOK7_m2E92psKgWuKJ6MnZdiMDAxHqpg","if-none-match":"W/\"1d9-wXoZxEP3KgOoQGvMBpaDHoR0ViI\""}
Cookies: {"access_token":"eyJhbGciOiJIUzI1NiIsInR5cCI6IkpXVCJ9.eyJlbWFpbCI6ImFidWJha2FyLm5hYmlsLjIxMEBnbWFpbC5jb20iLCJzdWIiOiIxMTM4MzE0ODI2MzIwMjIzMjk2ODgiLCJpYXQiOjE3NzQ0Njg2NjIsImV4cCI6MTc3NDU1NTA2Mn0.gIeIjkCsNsHBr8oqI-G3FtMFJIaC0SdkVxPmPfFZtCI","refresh_token":"eyJhbGciOiJIUzI1NiIsInR5cCI6IkpXVCJ9.eyJlbWFpbCI6ImFidWJha2FyLm5hYmlsLjIxMEBnbWFpbC5jb20iLCJzdWIiOiIxMTM4MzE0ODI2MzIwMjIzMjk2ODgiLCJpYXQiOjE3NzQ0Njg2NjIsImV4cCI6MTc3NzA2MDY2Mn0.BtzfGDjcJngZOK7_m2E92psKgWuKJ6MnZdiMDAxHqpg"}
------------------------------------------------
[2026-03-25T19:57:53.746Z] [JWT Extractor] Token found: true
[2026-03-25T19:57:53.750Z] [JWT Validate] Payload: {"email":"abubakar.nabil.210@gmail.com","sub":"113831482632022329688","iat":1774468662,"exp":1774555062}
[2026-03-25T19:58:02.148Z] GET /orders
Headers: {"host":"localhost:3000","connection":"keep-alive","sec-ch-ua-platform":"\"Linux\"","user-agent":"Mozilla/5.0 (X11; Linux x86_64) AppleWebKit/537.36 (KHTML, like Gecko) Chrome/145.0.0.0 Safari/537.36","sec-ch-ua":"\"Not:A-Brand\";v=\"99\", \"Google Chrome\";v=\"145\", \"Chromium\";v=\"145\"","sec-ch-ua-mobile":"?0","accept":"*/*","origin":"http://localhost:5173","sec-fetch-site":"same-site","sec-fetch-mode":"cors","sec-fetch-dest":"empty","referer":"http://localhost:5173/","accept-encoding":"gzip, deflate, br, zstd","accept-language":"en-US,en;q=0.9","cookie":"access_token=eyJhbGciOiJIUzI1NiIsInR5cCI6IkpXVCJ9.eyJlbWFpbCI6ImFidWJha2FyLm5hYmlsLjIxMEBnbWFpbC5jb20iLCJzdWIiOiIxMTM4MzE0ODI2MzIwMjIzMjk2ODgiLCJpYXQiOjE3NzQ0Njg2NjIsImV4cCI6MTc3NDU1NTA2Mn0.gIeIjkCsNsHBr8oqI-G3FtMFJIaC0SdkVxPmPfFZtCI; refresh_token=eyJhbGciOiJIUzI1NiIsInR5cCI6IkpXVCJ9.eyJlbWFpbCI6ImFidWJha2FyLm5hYmlsLjIxMEBnbWFpbC5jb20iLCJzdWIiOiIxMTM4MzE0ODI2MzIwMjIzMjk2ODgiLCJpYXQiOjE3NzQ0Njg2NjIsImV4cCI6MTc3NzA2MDY2Mn0.BtzfGDjcJngZOK7_m2E92psKgWuKJ6MnZdiMDAxHqpg"}
Cookies: {"access_token":"eyJhbGciOiJIUzI1NiIsInR5cCI6IkpXVCJ9.eyJlbWFpbCI6ImFidWJha2FyLm5hYmlsLjIxMEBnbWFpbC5jb20iLCJzdWIiOiIxMTM4MzE0ODI2MzIwMjIzMjk2ODgiLCJpYXQiOjE3NzQ0Njg2NjIsImV4cCI6MTc3NDU1NTA2Mn0.gIeIjkCsNsHBr8oqI-G3FtMFJIaC0SdkVxPmPfFZtCI","refresh_token":"eyJhbGciOiJIUzI1NiIsInR5cCI6IkpXVCJ9.eyJlbWFpbCI6ImFidWJha2FyLm5hYmlsLjIxMEBnbWFpbC5jb20iLCJzdWIiOiIxMTM4MzE0ODI2MzIwMjIzMjk2ODgiLCJpYXQiOjE3NzQ0Njg2NjIsImV4cCI6MTc3NzA2MDY2Mn0.BtzfGDjcJngZOK7_m2E92psKgWuKJ6MnZdiMDAxHqpg"}
------------------------------------------------
[2026-03-25T19:58:02.182Z] [JWT Extractor] Token found: true
[2026-03-25T19:58:02.186Z] [JWT Validate] Payload: {"email":"abubakar.nabil.210@gmail.com","sub":"113831482632022329688","iat":1774468662,"exp":1774555062}
[2026-03-25T19:58:02.202Z] GET /orders/stats
Headers: {"host":"localhost:3000","connection":"keep-alive","sec-ch-ua-platform":"\"Linux\"","user-agent":"Mozilla/5.0 (X11; Linux x86_64) AppleWebKit/537.36 (KHTML, like Gecko) Chrome/145.0.0.0 Safari/537.36","sec-ch-ua":"\"Not:A-Brand\";v=\"99\", \"Google Chrome\";v=\"145\", \"Chromium\";v=\"145\"","sec-ch-ua-mobile":"?0","accept":"*/*","origin":"http://localhost:5173","sec-fetch-site":"same-site","sec-fetch-mode":"cors","sec-fetch-dest":"empty","referer":"http://localhost:5173/","accept-encoding":"gzip, deflate, br, zstd","accept-language":"en-US,en;q=0.9","cookie":"access_token=eyJhbGciOiJIUzI1NiIsInR5cCI6IkpXVCJ9.eyJlbWFpbCI6ImFidWJha2FyLm5hYmlsLjIxMEBnbWFpbC5jb20iLCJzdWIiOiIxMTM4MzE0ODI2MzIwMjIzMjk2ODgiLCJpYXQiOjE3NzQ0Njg2NjIsImV4cCI6MTc3NDU1NTA2Mn0.gIeIjkCsNsHBr8oqI-G3FtMFJIaC0SdkVxPmPfFZtCI; refresh_token=eyJhbGciOiJIUzI1NiIsInR5cCI6IkpXVCJ9.eyJlbWFpbCI6ImFidWJha2FyLm5hYmlsLjIxMEBnbWFpbC5jb20iLCJzdWIiOiIxMTM4MzE0ODI2MzIwMjIzMjk2ODgiLCJpYXQiOjE3NzQ0Njg2NjIsImV4cCI6MTc3NzA2MDY2Mn0.BtzfGDjcJngZOK7_m2E92psKgWuKJ6MnZdiMDAxHqpg"}
Cookies: {"access_token":"eyJhbGciOiJIUzI1NiIsInR5cCI6IkpXVCJ9.eyJlbWFpbCI6ImFidWJha2FyLm5hYmlsLjIxMEBnbWFpbC5jb20iLCJzdWIiOiIxMTM4MzE0ODI2MzIwMjIzMjk2ODgiLCJpYXQiOjE3NzQ0Njg2NjIsImV4cCI6MTc3NDU1NTA2Mn0.gIeIjkCsNsHBr8oqI-G3FtMFJIaC0SdkVxPmPfFZtCI","refresh_token":"eyJhbGciOiJIUzI1NiIsInR5cCI6IkpXVCJ9.eyJlbWFpbCI6ImFidWJha2FyLm5hYmlsLjIxMEBnbWFpbC5jb20iLCJzdWIiOiIxMTM4MzE0ODI2MzIwMjIzMjk2ODgiLCJpYXQiOjE3NzQ0Njg2NjIsImV4cCI6MTc3NzA2MDY2Mn0.BtzfGDjcJngZOK7_m2E92psKgWuKJ6MnZdiMDAxHqpg"}
------------------------------------------------
[2026-03-25T19:58:02.209Z] [JWT Extractor] Token found: true
[2026-03-25T19:58:02.231Z] [JWT Validate] Payload: {"email":"abubakar.nabil.210@gmail.com","sub":"113831482632022329688","iat":1774468662,"exp":1774555062}
[2026-03-25T19:58:02.316Z] GET /orders
Headers: {"host":"localhost:3000","connection":"keep-alive","sec-ch-ua-platform":"\"Linux\"","user-agent":"Mozilla/5.0 (X11; Linux x86_64) AppleWebKit/537.36 (KHTML, like Gecko) Chrome/145.0.0.0 Safari/537.36","sec-ch-ua":"\"Not:A-Brand\";v=\"99\", \"Google Chrome\";v=\"145\", \"Chromium\";v=\"145\"","sec-ch-ua-mobile":"?0","accept":"*/*","origin":"http://localhost:5173","sec-fetch-site":"same-site","sec-fetch-mode":"cors","sec-fetch-dest":"empty","referer":"http://localhost:5173/","accept-encoding":"gzip, deflate, br, zstd","accept-language":"en-US,en;q=0.9","cookie":"access_token=eyJhbGciOiJIUzI1NiIsInR5cCI6IkpXVCJ9.eyJlbWFpbCI6ImFidWJha2FyLm5hYmlsLjIxMEBnbWFpbC5jb20iLCJzdWIiOiIxMTM4MzE0ODI2MzIwMjIzMjk2ODgiLCJpYXQiOjE3NzQ0Njg2NjIsImV4cCI6MTc3NDU1NTA2Mn0.gIeIjkCsNsHBr8oqI-G3FtMFJIaC0SdkVxPmPfFZtCI; refresh_token=eyJhbGciOiJIUzI1NiIsInR5cCI6IkpXVCJ9.eyJlbWFpbCI6ImFidWJha2FyLm5hYmlsLjIxMEBnbWFpbC5jb20iLCJzdWIiOiIxMTM4MzE0ODI2MzIwMjIzMjk2ODgiLCJpYXQiOjE3NzQ0Njg2NjIsImV4cCI6MTc3NzA2MDY2Mn0.BtzfGDjcJngZOK7_m2E92psKgWuKJ6MnZdiMDAxHqpg","if-none-match":"W/\"2-l9Fw4VUO7kr8CvBlt4zaMCqXZ0w\""}
Cookies: {"access_token":"eyJhbGciOiJIUzI1NiIsInR5cCI6IkpXVCJ9.eyJlbWFpbCI6ImFidWJha2FyLm5hYmlsLjIxMEBnbWFpbC5jb20iLCJzdWIiOiIxMTM4MzE0ODI2MzIwMjIzMjk2ODgiLCJpYXQiOjE3NzQ0Njg2NjIsImV4cCI6MTc3NDU1NTA2Mn0.gIeIjkCsNsHBr8oqI-G3FtMFJIaC0SdkVxPmPfFZtCI","refresh_token":"eyJhbGciOiJIUzI1NiIsInR5cCI6IkpXVCJ9.eyJlbWFpbCI6ImFidWJha2FyLm5hYmlsLjIxMEBnbWFpbC5jb20iLCJzdWIiOiIxMTM4MzE0ODI2MzIwMjIzMjk2ODgiLCJpYXQiOjE3NzQ0Njg2NjIsImV4cCI6MTc3NzA2MDY2Mn0.BtzfGDjcJngZOK7_m2E92psKgWuKJ6MnZdiMDAxHqpg"}
------------------------------------------------
[2026-03-25T19:58:02.321Z] [JWT Extractor] Token found: true
[2026-03-25T19:58:02.328Z] [JWT Validate] Payload: {"email":"abubakar.nabil.210@gmail.com","sub":"113831482632022329688","iat":1774468662,"exp":1774555062}
[2026-03-25T19:58:02.346Z] GET /orders/stats
Headers: {"host":"localhost:3000","connection":"keep-alive","sec-ch-ua-platform":"\"Linux\"","user-agent":"Mozilla/5.0 (X11; Linux x86_64) AppleWebKit/537.36 (KHTML, like Gecko) Chrome/145.0.0.0 Safari/537.36","sec-ch-ua":"\"Not:A-Brand\";v=\"99\", \"Google Chrome\";v=\"145\", \"Chromium\";v=\"145\"","sec-ch-ua-mobile":"?0","accept":"*/*","origin":"http://localhost:5173","sec-fetch-site":"same-site","sec-fetch-mode":"cors","sec-fetch-dest":"empty","referer":"http://localhost:5173/","accept-encoding":"gzip, deflate, br, zstd","accept-language":"en-US,en;q=0.9","cookie":"access_token=eyJhbGciOiJIUzI1NiIsInR5cCI6IkpXVCJ9.eyJlbWFpbCI6ImFidWJha2FyLm5hYmlsLjIxMEBnbWFpbC5jb20iLCJzdWIiOiIxMTM4MzE0ODI2MzIwMjIzMjk2ODgiLCJpYXQiOjE3NzQ0Njg2NjIsImV4cCI6MTc3NDU1NTA2Mn0.gIeIjkCsNsHBr8oqI-G3FtMFJIaC0SdkVxPmPfFZtCI; refresh_token=eyJhbGciOiJIUzI1NiIsInR5cCI6IkpXVCJ9.eyJlbWFpbCI6ImFidWJha2FyLm5hYmlsLjIxMEBnbWFpbC5jb20iLCJzdWIiOiIxMTM4MzE0ODI2MzIwMjIzMjk2ODgiLCJpYXQiOjE3NzQ0Njg2NjIsImV4cCI6MTc3NzA2MDY2Mn0.BtzfGDjcJngZOK7_m2E92psKgWuKJ6MnZdiMDAxHqpg","if-none-match":"W/\"3f-Rie/mha9djQ7sfTcTQ6JXnUd3H4\""}
Cookies: {"access_token":"eyJhbGciOiJIUzI1NiIsInR5cCI6IkpXVCJ9.eyJlbWFpbCI6ImFidWJha2FyLm5hYmlsLjIxMEBnbWFpbC5jb20iLCJzdWIiOiIxMTM4MzE0ODI2MzIwMjIzMjk2ODgiLCJpYXQiOjE3NzQ0Njg2NjIsImV4cCI6MTc3NDU1NTA2Mn0.gIeIjkCsNsHBr8oqI-G3FtMFJIaC0SdkVxPmPfFZtCI","refresh_token":"eyJhbGciOiJIUzI1NiIsInR5cCI6IkpXVCJ9.eyJlbWFpbCI6ImFidWJha2FyLm5hYmlsLjIxMEBnbWFpbC5jb20iLCJzdWIiOiIxMTM4MzE0ODI2MzIwMjIzMjk2ODgiLCJpYXQiOjE3NzQ0Njg2NjIsImV4cCI6MTc3NzA2MDY2Mn0.BtzfGDjcJngZOK7_m2E92psKgWuKJ6MnZdiMDAxHqpg"}
------------------------------------------------
[2026-03-25T19:58:02.349Z] [JWT Extractor] Token found: true
[2026-03-25T19:58:02.354Z] [JWT Validate] Payload: {"email":"abubakar.nabil.210@gmail.com","sub":"113831482632022329688","iat":1774468662,"exp":1774555062}
[2026-03-25T20:00:36.333Z] GET /users/me?t=1774468836192
Headers: {"host":"localhost:3000","connection":"keep-alive","sec-ch-ua-platform":"\"Linux\"","user-agent":"Mozilla/5.0 (X11; Linux x86_64) AppleWebKit/537.36 (KHTML, like Gecko) Chrome/145.0.0.0 Safari/537.36","sec-ch-ua":"\"Not:A-Brand\";v=\"99\", \"Google Chrome\";v=\"145\", \"Chromium\";v=\"145\"","sec-ch-ua-mobile":"?0","accept":"*/*","origin":"http://localhost:5173","sec-fetch-site":"same-site","sec-fetch-mode":"cors","sec-fetch-dest":"empty","referer":"http://localhost:5173/","accept-encoding":"gzip, deflate, br, zstd","accept-language":"en-US,en;q=0.9","cookie":"access_token=eyJhbGciOiJIUzI1NiIsInR5cCI6IkpXVCJ9.eyJlbWFpbCI6ImFidWJha2FyLm5hYmlsLjIxMEBnbWFpbC5jb20iLCJzdWIiOiIxMTM4MzE0ODI2MzIwMjIzMjk2ODgiLCJpYXQiOjE3NzQ0Njg2NjIsImV4cCI6MTc3NDU1NTA2Mn0.gIeIjkCsNsHBr8oqI-G3FtMFJIaC0SdkVxPmPfFZtCI; refresh_token=eyJhbGciOiJIUzI1NiIsInR5cCI6IkpXVCJ9.eyJlbWFpbCI6ImFidWJha2FyLm5hYmlsLjIxMEBnbWFpbC5jb20iLCJzdWIiOiIxMTM4MzE0ODI2MzIwMjIzMjk2ODgiLCJpYXQiOjE3NzQ0Njg2NjIsImV4cCI6MTc3NzA2MDY2Mn0.BtzfGDjcJngZOK7_m2E92psKgWuKJ6MnZdiMDAxHqpg"}
Cookies: {"access_token":"eyJhbGciOiJIUzI1NiIsInR5cCI6IkpXVCJ9.eyJlbWFpbCI6ImFidWJha2FyLm5hYmlsLjIxMEBnbWFpbC5jb20iLCJzdWIiOiIxMTM4MzE0ODI2MzIwMjIzMjk2ODgiLCJpYXQiOjE3NzQ0Njg2NjIsImV4cCI6MTc3NDU1NTA2Mn0.gIeIjkCsNsHBr8oqI-G3FtMFJIaC0SdkVxPmPfFZtCI","refresh_token":"eyJhbGciOiJIUzI1NiIsInR5cCI6IkpXVCJ9.eyJlbWFpbCI6ImFidWJha2FyLm5hYmlsLjIxMEBnbWFpbC5jb20iLCJzdWIiOiIxMTM4MzE0ODI2MzIwMjIzMjk2ODgiLCJpYXQiOjE3NzQ0Njg2NjIsImV4cCI6MTc3NzA2MDY2Mn0.BtzfGDjcJngZOK7_m2E92psKgWuKJ6MnZdiMDAxHqpg"}
------------------------------------------------
[2026-03-25T20:00:36.338Z] [JWT Extractor] Token found: true
[2026-03-25T20:00:36.348Z] [JWT Validate] Payload: {"email":"abubakar.nabil.210@gmail.com","sub":"113831482632022329688","iat":1774468662,"exp":1774555062}
[2026-03-25T20:00:36.359Z] GET /users/me?t=1774468836198
Headers: {"host":"localhost:3000","connection":"keep-alive","sec-ch-ua-platform":"\"Linux\"","user-agent":"Mozilla/5.0 (X11; Linux x86_64) AppleWebKit/537.36 (KHTML, like Gecko) Chrome/145.0.0.0 Safari/537.36","sec-ch-ua":"\"Not:A-Brand\";v=\"99\", \"Google Chrome\";v=\"145\", \"Chromium\";v=\"145\"","sec-ch-ua-mobile":"?0","accept":"*/*","origin":"http://localhost:5173","sec-fetch-site":"same-site","sec-fetch-mode":"cors","sec-fetch-dest":"empty","referer":"http://localhost:5173/","accept-encoding":"gzip, deflate, br, zstd","accept-language":"en-US,en;q=0.9","cookie":"access_token=eyJhbGciOiJIUzI1NiIsInR5cCI6IkpXVCJ9.eyJlbWFpbCI6ImFidWJha2FyLm5hYmlsLjIxMEBnbWFpbC5jb20iLCJzdWIiOiIxMTM4MzE0ODI2MzIwMjIzMjk2ODgiLCJpYXQiOjE3NzQ0Njg2NjIsImV4cCI6MTc3NDU1NTA2Mn0.gIeIjkCsNsHBr8oqI-G3FtMFJIaC0SdkVxPmPfFZtCI; refresh_token=eyJhbGciOiJIUzI1NiIsInR5cCI6IkpXVCJ9.eyJlbWFpbCI6ImFidWJha2FyLm5hYmlsLjIxMEBnbWFpbC5jb20iLCJzdWIiOiIxMTM4MzE0ODI2MzIwMjIzMjk2ODgiLCJpYXQiOjE3NzQ0Njg2NjIsImV4cCI6MTc3NzA2MDY2Mn0.BtzfGDjcJngZOK7_m2E92psKgWuKJ6MnZdiMDAxHqpg"}
Cookies: {"access_token":"eyJhbGciOiJIUzI1NiIsInR5cCI6IkpXVCJ9.eyJlbWFpbCI6ImFidWJha2FyLm5hYmlsLjIxMEBnbWFpbC5jb20iLCJzdWIiOiIxMTM4MzE0ODI2MzIwMjIzMjk2ODgiLCJpYXQiOjE3NzQ0Njg2NjIsImV4cCI6MTc3NDU1NTA2Mn0.gIeIjkCsNsHBr8oqI-G3FtMFJIaC0SdkVxPmPfFZtCI","refresh_token":"eyJhbGciOiJIUzI1NiIsInR5cCI6IkpXVCJ9.eyJlbWFpbCI6ImFidWJha2FyLm5hYmlsLjIxMEBnbWFpbC5jb20iLCJzdWIiOiIxMTM4MzE0ODI2MzIwMjIzMjk2ODgiLCJpYXQiOjE3NzQ0Njg2NjIsImV4cCI6MTc3NzA2MDY2Mn0.BtzfGDjcJngZOK7_m2E92psKgWuKJ6MnZdiMDAxHqpg"}
------------------------------------------------
[2026-03-25T20:00:36.367Z] [JWT Extractor] Token found: true
[2026-03-25T20:00:36.372Z] [JWT Validate] Payload: {"email":"abubakar.nabil.210@gmail.com","sub":"113831482632022329688","iat":1774468662,"exp":1774555062}
[2026-03-25T20:01:01.909Z] GET /users/me?t=1774468861669
Headers: {"host":"localhost:3000","connection":"keep-alive","sec-ch-ua-platform":"\"Linux\"","user-agent":"Mozilla/5.0 (X11; Linux x86_64) AppleWebKit/537.36 (KHTML, like Gecko) Chrome/145.0.0.0 Safari/537.36","sec-ch-ua":"\"Not:A-Brand\";v=\"99\", \"Google Chrome\";v=\"145\", \"Chromium\";v=\"145\"","sec-ch-ua-mobile":"?0","accept":"*/*","origin":"http://localhost:5173","sec-fetch-site":"same-site","sec-fetch-mode":"cors","sec-fetch-dest":"empty","referer":"http://localhost:5173/","accept-encoding":"gzip, deflate, br, zstd","accept-language":"en-US,en;q=0.9","cookie":"access_token=eyJhbGciOiJIUzI1NiIsInR5cCI6IkpXVCJ9.eyJlbWFpbCI6ImFidWJha2FyLm5hYmlsLjIxMEBnbWFpbC5jb20iLCJzdWIiOiIxMTM4MzE0ODI2MzIwMjIzMjk2ODgiLCJpYXQiOjE3NzQ0Njg2NjIsImV4cCI6MTc3NDU1NTA2Mn0.gIeIjkCsNsHBr8oqI-G3FtMFJIaC0SdkVxPmPfFZtCI; refresh_token=eyJhbGciOiJIUzI1NiIsInR5cCI6IkpXVCJ9.eyJlbWFpbCI6ImFidWJha2FyLm5hYmlsLjIxMEBnbWFpbC5jb20iLCJzdWIiOiIxMTM4MzE0ODI2MzIwMjIzMjk2ODgiLCJpYXQiOjE3NzQ0Njg2NjIsImV4cCI6MTc3NzA2MDY2Mn0.BtzfGDjcJngZOK7_m2E92psKgWuKJ6MnZdiMDAxHqpg"}
Cookies: {"access_token":"eyJhbGciOiJIUzI1NiIsInR5cCI6IkpXVCJ9.eyJlbWFpbCI6ImFidWJha2FyLm5hYmlsLjIxMEBnbWFpbC5jb20iLCJzdWIiOiIxMTM4MzE0ODI2MzIwMjIzMjk2ODgiLCJpYXQiOjE3NzQ0Njg2NjIsImV4cCI6MTc3NDU1NTA2Mn0.gIeIjkCsNsHBr8oqI-G3FtMFJIaC0SdkVxPmPfFZtCI","refresh_token":"eyJhbGciOiJIUzI1NiIsInR5cCI6IkpXVCJ9.eyJlbWFpbCI6ImFidWJha2FyLm5hYmlsLjIxMEBnbWFpbC5jb20iLCJzdWIiOiIxMTM4MzE0ODI2MzIwMjIzMjk2ODgiLCJpYXQiOjE3NzQ0Njg2NjIsImV4cCI6MTc3NzA2MDY2Mn0.BtzfGDjcJngZOK7_m2E92psKgWuKJ6MnZdiMDAxHqpg"}
------------------------------------------------
[2026-03-25T20:01:01.923Z] [JWT Extractor] Token found: true
[2026-03-25T20:01:01.926Z] [JWT Validate] Payload: {"email":"abubakar.nabil.210@gmail.com","sub":"113831482632022329688","iat":1774468662,"exp":1774555062}
[2026-03-25T20:01:01.933Z] GET /users/me?t=1774468861687
Headers: {"host":"localhost:3000","connection":"keep-alive","sec-ch-ua-platform":"\"Linux\"","user-agent":"Mozilla/5.0 (X11; Linux x86_64) AppleWebKit/537.36 (KHTML, like Gecko) Chrome/145.0.0.0 Safari/537.36","sec-ch-ua":"\"Not:A-Brand\";v=\"99\", \"Google Chrome\";v=\"145\", \"Chromium\";v=\"145\"","sec-ch-ua-mobile":"?0","accept":"*/*","origin":"http://localhost:5173","sec-fetch-site":"same-site","sec-fetch-mode":"cors","sec-fetch-dest":"empty","referer":"http://localhost:5173/","accept-encoding":"gzip, deflate, br, zstd","accept-language":"en-US,en;q=0.9","cookie":"access_token=eyJhbGciOiJIUzI1NiIsInR5cCI6IkpXVCJ9.eyJlbWFpbCI6ImFidWJha2FyLm5hYmlsLjIxMEBnbWFpbC5jb20iLCJzdWIiOiIxMTM4MzE0ODI2MzIwMjIzMjk2ODgiLCJpYXQiOjE3NzQ0Njg2NjIsImV4cCI6MTc3NDU1NTA2Mn0.gIeIjkCsNsHBr8oqI-G3FtMFJIaC0SdkVxPmPfFZtCI; refresh_token=eyJhbGciOiJIUzI1NiIsInR5cCI6IkpXVCJ9.eyJlbWFpbCI6ImFidWJha2FyLm5hYmlsLjIxMEBnbWFpbC5jb20iLCJzdWIiOiIxMTM4MzE0ODI2MzIwMjIzMjk2ODgiLCJpYXQiOjE3NzQ0Njg2NjIsImV4cCI6MTc3NzA2MDY2Mn0.BtzfGDjcJngZOK7_m2E92psKgWuKJ6MnZdiMDAxHqpg"}
Cookies: {"access_token":"eyJhbGciOiJIUzI1NiIsInR5cCI6IkpXVCJ9.eyJlbWFpbCI6ImFidWJha2FyLm5hYmlsLjIxMEBnbWFpbC5jb20iLCJzdWIiOiIxMTM4MzE0ODI2MzIwMjIzMjk2ODgiLCJpYXQiOjE3NzQ0Njg2NjIsImV4cCI6MTc3NDU1NTA2Mn0.gIeIjkCsNsHBr8oqI-G3FtMFJIaC0SdkVxPmPfFZtCI","refresh_token":"eyJhbGciOiJIUzI1NiIsInR5cCI6IkpXVCJ9.eyJlbWFpbCI6ImFidWJha2FyLm5hYmlsLjIxMEBnbWFpbC5jb20iLCJzdWIiOiIxMTM4MzE0ODI2MzIwMjIzMjk2ODgiLCJpYXQiOjE3NzQ0Njg2NjIsImV4cCI6MTc3NzA2MDY2Mn0.BtzfGDjcJngZOK7_m2E92psKgWuKJ6MnZdiMDAxHqpg"}
------------------------------------------------
[2026-03-25T20:01:01.934Z] [JWT Extractor] Token found: true
[2026-03-25T20:01:01.937Z] [JWT Validate] Payload: {"email":"abubakar.nabil.210@gmail.com","sub":"113831482632022329688","iat":1774468662,"exp":1774555062}
[2026-03-25T20:01:07.604Z] GET /users/me?t=1774468867041
Headers: {"host":"localhost:3000","connection":"keep-alive","sec-ch-ua-platform":"\"Linux\"","user-agent":"Mozilla/5.0 (X11; Linux x86_64) AppleWebKit/537.36 (KHTML, like Gecko) Chrome/145.0.0.0 Safari/537.36","sec-ch-ua":"\"Not:A-Brand\";v=\"99\", \"Google Chrome\";v=\"145\", \"Chromium\";v=\"145\"","sec-ch-ua-mobile":"?0","accept":"*/*","origin":"http://localhost:5173","sec-fetch-site":"same-site","sec-fetch-mode":"cors","sec-fetch-dest":"empty","referer":"http://localhost:5173/","accept-encoding":"gzip, deflate, br, zstd","accept-language":"en-US,en;q=0.9","cookie":"access_token=eyJhbGciOiJIUzI1NiIsInR5cCI6IkpXVCJ9.eyJlbWFpbCI6ImFidWJha2FyLm5hYmlsLjIxMEBnbWFpbC5jb20iLCJzdWIiOiIxMTM4MzE0ODI2MzIwMjIzMjk2ODgiLCJpYXQiOjE3NzQ0Njg2NjIsImV4cCI6MTc3NDU1NTA2Mn0.gIeIjkCsNsHBr8oqI-G3FtMFJIaC0SdkVxPmPfFZtCI; refresh_token=eyJhbGciOiJIUzI1NiIsInR5cCI6IkpXVCJ9.eyJlbWFpbCI6ImFidWJha2FyLm5hYmlsLjIxMEBnbWFpbC5jb20iLCJzdWIiOiIxMTM4MzE0ODI2MzIwMjIzMjk2ODgiLCJpYXQiOjE3NzQ0Njg2NjIsImV4cCI6MTc3NzA2MDY2Mn0.BtzfGDjcJngZOK7_m2E92psKgWuKJ6MnZdiMDAxHqpg"}
Cookies: {"access_token":"eyJhbGciOiJIUzI1NiIsInR5cCI6IkpXVCJ9.eyJlbWFpbCI6ImFidWJha2FyLm5hYmlsLjIxMEBnbWFpbC5jb20iLCJzdWIiOiIxMTM4MzE0ODI2MzIwMjIzMjk2ODgiLCJpYXQiOjE3NzQ0Njg2NjIsImV4cCI6MTc3NDU1NTA2Mn0.gIeIjkCsNsHBr8oqI-G3FtMFJIaC0SdkVxPmPfFZtCI","refresh_token":"eyJhbGciOiJIUzI1NiIsInR5cCI6IkpXVCJ9.eyJlbWFpbCI6ImFidWJha2FyLm5hYmlsLjIxMEBnbWFpbC5jb20iLCJzdWIiOiIxMTM4MzE0ODI2MzIwMjIzMjk2ODgiLCJpYXQiOjE3NzQ0Njg2NjIsImV4cCI6MTc3NzA2MDY2Mn0.BtzfGDjcJngZOK7_m2E92psKgWuKJ6MnZdiMDAxHqpg"}
------------------------------------------------
[2026-03-25T20:01:07.611Z] [JWT Extractor] Token found: true
[2026-03-25T20:01:07.626Z] [JWT Validate] Payload: {"email":"abubakar.nabil.210@gmail.com","sub":"113831482632022329688","iat":1774468662,"exp":1774555062}
[2026-03-25T20:01:07.929Z] GET /users/me?t=1774468867079
Headers: {"host":"localhost:3000","connection":"keep-alive","sec-ch-ua-platform":"\"Linux\"","user-agent":"Mozilla/5.0 (X11; Linux x86_64) AppleWebKit/537.36 (KHTML, like Gecko) Chrome/145.0.0.0 Safari/537.36","sec-ch-ua":"\"Not:A-Brand\";v=\"99\", \"Google Chrome\";v=\"145\", \"Chromium\";v=\"145\"","sec-ch-ua-mobile":"?0","accept":"*/*","origin":"http://localhost:5173","sec-fetch-site":"same-site","sec-fetch-mode":"cors","sec-fetch-dest":"empty","referer":"http://localhost:5173/","accept-encoding":"gzip, deflate, br, zstd","accept-language":"en-US,en;q=0.9","cookie":"access_token=eyJhbGciOiJIUzI1NiIsInR5cCI6IkpXVCJ9.eyJlbWFpbCI6ImFidWJha2FyLm5hYmlsLjIxMEBnbWFpbC5jb20iLCJzdWIiOiIxMTM4MzE0ODI2MzIwMjIzMjk2ODgiLCJpYXQiOjE3NzQ0Njg2NjIsImV4cCI6MTc3NDU1NTA2Mn0.gIeIjkCsNsHBr8oqI-G3FtMFJIaC0SdkVxPmPfFZtCI; refresh_token=eyJhbGciOiJIUzI1NiIsInR5cCI6IkpXVCJ9.eyJlbWFpbCI6ImFidWJha2FyLm5hYmlsLjIxMEBnbWFpbC5jb20iLCJzdWIiOiIxMTM4MzE0ODI2MzIwMjIzMjk2ODgiLCJpYXQiOjE3NzQ0Njg2NjIsImV4cCI6MTc3NzA2MDY2Mn0.BtzfGDjcJngZOK7_m2E92psKgWuKJ6MnZdiMDAxHqpg"}
Cookies: {"access_token":"eyJhbGciOiJIUzI1NiIsInR5cCI6IkpXVCJ9.eyJlbWFpbCI6ImFidWJha2FyLm5hYmlsLjIxMEBnbWFpbC5jb20iLCJzdWIiOiIxMTM4MzE0ODI2MzIwMjIzMjk2ODgiLCJpYXQiOjE3NzQ0Njg2NjIsImV4cCI6MTc3NDU1NTA2Mn0.gIeIjkCsNsHBr8oqI-G3FtMFJIaC0SdkVxPmPfFZtCI","refresh_token":"eyJhbGciOiJIUzI1NiIsInR5cCI6IkpXVCJ9.eyJlbWFpbCI6ImFidWJha2FyLm5hYmlsLjIxMEBnbWFpbC5jb20iLCJzdWIiOiIxMTM4MzE0ODI2MzIwMjIzMjk2ODgiLCJpYXQiOjE3NzQ0Njg2NjIsImV4cCI6MTc3NzA2MDY2Mn0.BtzfGDjcJngZOK7_m2E92psKgWuKJ6MnZdiMDAxHqpg"}
------------------------------------------------
[2026-03-25T20:01:07.936Z] [JWT Extractor] Token found: true
[2026-03-25T20:01:07.943Z] [JWT Validate] Payload: {"email":"abubakar.nabil.210@gmail.com","sub":"113831482632022329688","iat":1774468662,"exp":1774555062}
[2026-03-25T20:17:32.500Z] GET /users/me?t=1774469852160
Headers: {"host":"localhost:3000","connection":"keep-alive","sec-ch-ua-platform":"\"Linux\"","user-agent":"Mozilla/5.0 (X11; Linux x86_64) AppleWebKit/537.36 (KHTML, like Gecko) Chrome/145.0.0.0 Safari/537.36","sec-ch-ua":"\"Not:A-Brand\";v=\"99\", \"Google Chrome\";v=\"145\", \"Chromium\";v=\"145\"","sec-ch-ua-mobile":"?0","accept":"*/*","origin":"http://localhost:5173","sec-fetch-site":"same-site","sec-fetch-mode":"cors","sec-fetch-dest":"empty","referer":"http://localhost:5173/","accept-encoding":"gzip, deflate, br, zstd","accept-language":"en-US,en;q=0.9","cookie":"refresh_token=eyJhbGciOiJIUzI1NiIsInR5cCI6IkpXVCJ9.eyJlbWFpbCI6ImFidWJha2FyLm5hYmlsLjIxMEBnbWFpbC5jb20iLCJzdWIiOiIxMTM4MzE0ODI2MzIwMjIzMjk2ODgiLCJpYXQiOjE3NzQ0Njg2NjIsImV4cCI6MTc3NzA2MDY2Mn0.BtzfGDjcJngZOK7_m2E92psKgWuKJ6MnZdiMDAxHqpg"}
Cookies: {"refresh_token":"eyJhbGciOiJIUzI1NiIsInR5cCI6IkpXVCJ9.eyJlbWFpbCI6ImFidWJha2FyLm5hYmlsLjIxMEBnbWFpbC5jb20iLCJzdWIiOiIxMTM4MzE0ODI2MzIwMjIzMjk2ODgiLCJpYXQiOjE3NzQ0Njg2NjIsImV4cCI6MTc3NzA2MDY2Mn0.BtzfGDjcJngZOK7_m2E92psKgWuKJ6MnZdiMDAxHqpg"}
------------------------------------------------
[2026-03-25T20:17:32.530Z] [JWT Extractor] Token found: false
[2026-03-25T20:17:32.663Z] GET /users/me?t=1774469852175
Headers: {"host":"localhost:3000","connection":"keep-alive","sec-ch-ua-platform":"\"Linux\"","user-agent":"Mozilla/5.0 (X11; Linux x86_64) AppleWebKit/537.36 (KHTML, like Gecko) Chrome/145.0.0.0 Safari/537.36","sec-ch-ua":"\"Not:A-Brand\";v=\"99\", \"Google Chrome\";v=\"145\", \"Chromium\";v=\"145\"","sec-ch-ua-mobile":"?0","accept":"*/*","origin":"http://localhost:5173","sec-fetch-site":"same-site","sec-fetch-mode":"cors","sec-fetch-dest":"empty","referer":"http://localhost:5173/","accept-encoding":"gzip, deflate, br, zstd","accept-language":"en-US,en;q=0.9","cookie":"refresh_token=eyJhbGciOiJIUzI1NiIsInR5cCI6IkpXVCJ9.eyJlbWFpbCI6ImFidWJha2FyLm5hYmlsLjIxMEBnbWFpbC5jb20iLCJzdWIiOiIxMTM4MzE0ODI2MzIwMjIzMjk2ODgiLCJpYXQiOjE3NzQ0Njg2NjIsImV4cCI6MTc3NzA2MDY2Mn0.BtzfGDjcJngZOK7_m2E92psKgWuKJ6MnZdiMDAxHqpg"}
Cookies: {"refresh_token":"eyJhbGciOiJIUzI1NiIsInR5cCI6IkpXVCJ9.eyJlbWFpbCI6ImFidWJha2FyLm5hYmlsLjIxMEBnbWFpbC5jb20iLCJzdWIiOiIxMTM4MzE0ODI2MzIwMjIzMjk2ODgiLCJpYXQiOjE3NzQ0Njg2NjIsImV4cCI6MTc3NzA2MDY2Mn0.BtzfGDjcJngZOK7_m2E92psKgWuKJ6MnZdiMDAxHqpg"}
------------------------------------------------
[2026-03-25T20:17:32.664Z] [JWT Extractor] Token found: false
[2026-03-25T20:17:32.893Z] POST /auth/refresh
Headers: {"host":"localhost:3000","connection":"keep-alive","content-length":"0","sec-ch-ua-platform":"\"Linux\"","user-agent":"Mozilla/5.0 (X11; Linux x86_64) AppleWebKit/537.36 (KHTML, like Gecko) Chrome/145.0.0.0 Safari/537.36","sec-ch-ua":"\"Not:A-Brand\";v=\"99\", \"Google Chrome\";v=\"145\", \"Chromium\";v=\"145\"","sec-ch-ua-mobile":"?0","accept":"*/*","origin":"http://localhost:5173","sec-fetch-site":"same-site","sec-fetch-mode":"cors","sec-fetch-dest":"empty","referer":"http://localhost:5173/","accept-encoding":"gzip, deflate, br, zstd","accept-language":"en-US,en;q=0.9","cookie":"refresh_token=eyJhbGciOiJIUzI1NiIsInR5cCI6IkpXVCJ9.eyJlbWFpbCI6ImFidWJha2FyLm5hYmlsLjIxMEBnbWFpbC5jb20iLCJzdWIiOiIxMTM4MzE0ODI2MzIwMjIzMjk2ODgiLCJpYXQiOjE3NzQ0Njg2NjIsImV4cCI6MTc3NzA2MDY2Mn0.BtzfGDjcJngZOK7_m2E92psKgWuKJ6MnZdiMDAxHqpg"}
Cookies: {"refresh_token":"eyJhbGciOiJIUzI1NiIsInR5cCI6IkpXVCJ9.eyJlbWFpbCI6ImFidWJha2FyLm5hYmlsLjIxMEBnbWFpbC5jb20iLCJzdWIiOiIxMTM4MzE0ODI2MzIwMjIzMjk2ODgiLCJpYXQiOjE3NzQ0Njg2NjIsImV4cCI6MTc3NzA2MDY2Mn0.BtzfGDjcJngZOK7_m2E92psKgWuKJ6MnZdiMDAxHqpg"}
------------------------------------------------
[2026-03-25T20:17:32.938Z] POST /auth/refresh
Headers: {"host":"localhost:3000","connection":"keep-alive","content-length":"0","sec-ch-ua-platform":"\"Linux\"","user-agent":"Mozilla/5.0 (X11; Linux x86_64) AppleWebKit/537.36 (KHTML, like Gecko) Chrome/145.0.0.0 Safari/537.36","sec-ch-ua":"\"Not:A-Brand\";v=\"99\", \"Google Chrome\";v=\"145\", \"Chromium\";v=\"145\"","sec-ch-ua-mobile":"?0","accept":"*/*","origin":"http://localhost:5173","sec-fetch-site":"same-site","sec-fetch-mode":"cors","sec-fetch-dest":"empty","referer":"http://localhost:5173/","accept-encoding":"gzip, deflate, br, zstd","accept-language":"en-US,en;q=0.9","cookie":"refresh_token=eyJhbGciOiJIUzI1NiIsInR5cCI6IkpXVCJ9.eyJlbWFpbCI6ImFidWJha2FyLm5hYmlsLjIxMEBnbWFpbC5jb20iLCJzdWIiOiIxMTM4MzE0ODI2MzIwMjIzMjk2ODgiLCJpYXQiOjE3NzQ0Njg2NjIsImV4cCI6MTc3NzA2MDY2Mn0.BtzfGDjcJngZOK7_m2E92psKgWuKJ6MnZdiMDAxHqpg"}
Cookies: {"refresh_token":"eyJhbGciOiJIUzI1NiIsInR5cCI6IkpXVCJ9.eyJlbWFpbCI6ImFidWJha2FyLm5hYmlsLjIxMEBnbWFpbC5jb20iLCJzdWIiOiIxMTM4MzE0ODI2MzIwMjIzMjk2ODgiLCJpYXQiOjE3NzQ0Njg2NjIsImV4cCI6MTc3NzA2MDY2Mn0.BtzfGDjcJngZOK7_m2E92psKgWuKJ6MnZdiMDAxHqpg"}
------------------------------------------------